<?xml version="1.0" encoding="UTF-8"?>
<!-- Generated by org.testng.reporters.JUnitXMLReporter -->
<testsuite ignored="0" hostname="MSI" failures="0" tests="3" name="Default test" time="10.24" errors="0" timestamp="2025-10-13T19:26:15 IST">
  <testcase classname="testCases.TC002_CourseUpdatePage" name="signup" time="0.541"/>
  <testcase classname="testCases.TC002_CourseUpdatePage" name="course" time="4.087"/>
  <testcase classname="testCases.TC002_CourseUpdatePage" name="deleteCourse" time="1.899"/>
</testsuite> <!-- Default test -->
