<?xml version="1.0" encoding="UTF-8"?>
<!-- Generated by org.testng.reporters.JUnitXMLReporter -->
<testsuite ignored="0" hostname="MSI" failures="0" tests="3" name="Chrome" time="12.219" errors="0" timestamp="2025-10-13T19:59:46 IST">
  <testcase classname="testCases.TC002_CourseUpdatePage" name="signup" time="0.672"/>
  <testcase classname="testCases.TC002_CourseUpdatePage" name="course" time="5.987"/>
  <testcase classname="testCases.TC002_CourseUpdatePage" name="deleteCourse" time="2.239"/>
</testsuite> <!-- Chrome -->
