<?xml version="1.0" encoding="UTF-8"?>
<!-- Generated by org.testng.reporters.JUnitXMLReporter -->
<testsuite ignored="0" hostname="MSI" failures="0" tests="3" name="Edge" time="1.165" errors="0" timestamp="2025-10-13T19:57:53 IST">
  <testcase classname="testCases.TC002_CourseUpdatePage" name="signup" time="0.0">
    <skipped/>
  </testcase> <!-- signup -->
  <testcase classname="testCases.TC002_CourseUpdatePage" name="course" time="0.0">
    <skipped/>
  </testcase> <!-- course -->
  <testcase classname="testCases.TC002_CourseUpdatePage" name="deleteCourse" time="0.001">
    <skipped/>
  </testcase> <!-- deleteCourse -->
</testsuite> <!-- Edge -->
