<?xml version="1.0" encoding="UTF-8"?>
<!-- Generated by org.testng.reporters.JUnitXMLReporter -->
<testsuite ignored="0" hostname="MSI" failures="0" tests="3" name="Test" time="16.681" errors="0" timestamp="2025-10-13T21:07:31 IST">
  <testcase classname="testCases.TC002_CourseUpdatePage" name="signup" time="0.598"/>
  <testcase classname="testCases.TC002_CourseUpdatePage" name="course" time="5.37"/>
  <testcase classname="testCases.TC002_CourseUpdatePage" name="deleteCourse" time="3.651"/>
</testsuite> <!-- Test -->
